0 info it worked if it ends with ok
1 verbose cli [ 'E:\\nodejs\\node.exe',
1 verbose cli   'E:\\nodejs\\node_modules\\npm\\bin\\npm-cli.js',
1 verbose cli   'run-script',
1 verbose cli   'debug' ]
2 info using npm@3.10.10
3 info using node@v6.10.3
4 verbose stack Error: missing script: debug
4 verbose stack     at run (E:\nodejs\node_modules\npm\lib\run-script.js:151:19)
4 verbose stack     at E:\nodejs\node_modules\npm\lib\run-script.js:61:5
4 verbose stack     at E:\nodejs\node_modules\npm\node_modules\read-package-json\read-json.js:356:5
4 verbose stack     at checkBinReferences_ (E:\nodejs\node_modules\npm\node_modules\read-package-json\read-json.js:320:45)
4 verbose stack     at final (E:\nodejs\node_modules\npm\node_modules\read-package-json\read-json.js:354:3)
4 verbose stack     at then (E:\nodejs\node_modules\npm\node_modules\read-package-json\read-json.js:124:5)
4 verbose stack     at E:\nodejs\node_modules\npm\node_modules\read-package-json\read-json.js:311:12
4 verbose stack     at E:\nodejs\node_modules\npm\node_modules\graceful-fs\graceful-fs.js:78:16
4 verbose stack     at tryToString (fs.js:456:3)
4 verbose stack     at FSReqWrap.readFileAfterClose [as oncomplete] (fs.js:443:12)
5 verbose cwd f:\数据库大作业
6 error Windows_NT 10.0.15063
7 error argv "E:\\nodejs\\node.exe" "E:\\nodejs\\node_modules\\npm\\bin\\npm-cli.js" "run-script" "debug"
8 error node v6.10.3
9 error npm  v3.10.10
10 error missing script: debug
11 error If you need help, you may report this error at:
11 error     <https://github.com/npm/npm/issues>
12 verbose exit [ 1, true ]
